<?xml version="1.0" encoding="UTF-8"?>
<testsuite name="agh.ics.oop.GrassFieldTest" tests="1" skipped="0" failures="0" errors="0" timestamp="2022-12-04T17:49:48" hostname="Adrians-MacBook-Air.local" time="0.035">
  <properties/>
  <testcase name="objectAtTest()" classname="agh.ics.oop.GrassFieldTest" time="0.035"/>
  <system-out><![CDATA[ y\x  1 2 3 4
  6: ---------
  5: | | | | |
  4: | | |N| |
  3: | | | | |
  2: | |N| | |
  1: | | | | |
  0: ---------

 y\x  1 2 3 4
  6: ---------
  5: | | | | |
  4: | | |N| |
  3: | |N| | |
  2: | | | | |
  1: ---------

 y\x  1 2 3 4
  5: ---------
  4: | | | | |
  3: | |N|N| |
  2: | | | | |
  1: ---------

 y\x  1 2 3 4
  5: ---------
  4: | | | | |
  3: | |E|N| |
  2: | | | | |
  1: ---------

 y\x  1 2 3 4
  5: ---------
  4: | | | | |
  3: | |E|W| |
  2: | | | | |
  1: ---------

 y\x  1 2 3 4
  5: ---------
  4: | | | | |
  3: | |E|W| |
  2: | | | | |
  1: ---------

 y\x  1 2 3 4
  5: ---------
  4: | | | | |
  3: | |E|W| |
  2: | | | | |
  1: ---------

 y\x  1 2 3 4
  5: ---------
  4: | | | | |
  3: | |S|W| |
  2: | | | | |
  1: ---------

 y\x  1 2 3 4
  5: ---------
  4: | | | | |
  3: | |S|N| |
  2: | | | | |
  1: ---------

 y\x  1 2 3 4
  5: ---------
  4: | | | | |
  3: | | |N| |
  2: | |S| | |
  1: | | | | |
  0: ---------

 y\x  1 2 3 4
  6: ---------
  5: | | | | |
  4: | | |N| |
  3: | | | | |
  2: | |S| | |
  1: | | | | |
  0: ---------

 y\x  1 2 3 4
  6: ---------
  5: | | | | |
  4: | | |N| |
  3: | | | | |
  2: | | | | |
  1: | |S| | |
  0: | |*| | |
 -1: ---------

 y\x  1 2 3 4
  7: ---------
  6: | | | | |
  5: | | |N| |
  4: | | | | |
  3: | | | | |
  2: | | | | |
  1: | |S| | |
  0: | |*| | |
 -1: ---------

 y\x  1 2 3 4
  7: ---------
  6: | | | | |
  5: | | |N| |
  4: | | | | |
  3: | | | | |
  2: | | | | |
  1: | | | | |
  0: | |S| | |
 -1: | | | | |
 -2: ---------

 y\x  1 2 3 4
  8: ---------
  7: | | | |*|
  6: | | |N| |
  5: | | | | |
  4: | | | | |
  3: | | | | |
  2: | | | | |
  1: | | | | |
  0: | |S| | |
 -1: | | | | |
 -2: ---------

 y\x  1 2 3 4
  8: ---------
  7: | | | |*|
  6: | | |N| |
  5: | | | | |
  4: | | | | |
  3: | | | | |
  2: | | | | |
  1: | | | | |
  0: | | | | |
 -1: | |S| | |
 -2: | | | | |
 -3: ---------

 y\x  1 2 3 4
  9: ---------
  8: | | | | |
  7: | | |N|*|
  6: | | | | |
  5: | | | | |
  4: | | | | |
  3: | | | | |
  2: | | | | |
  1: | | | | |
  0: | | | | |
 -1: | |S| | |
 -2: | | | | |
 -3: ---------

]]></system-out>
  <system-err><![CDATA[]]></system-err>
</testsuite>
