<?xml version="1.0" encoding="UTF-8"?>
<testsuite name="agh.ics.oop.Vector2dTest" tests="1" skipped="0" failures="0" errors="0" timestamp="2022-10-24T18:45:37" hostname="Adrians-MacBook-Air.local" time="0.01">
  <properties/>
  <testcase name="subtractTest()" classname="agh.ics.oop.Vector2dTest" time="0.01"/>
  <system-out><![CDATA[]]></system-out>
  <system-err><![CDATA[]]></system-err>
</testsuite>
