<?xml version="1.0" encoding="UTF-8"?>
<testsuite name="agh.ics.oop.SimulationEngineTest" tests="1" skipped="0" failures="0" errors="0" timestamp="2022-12-04T18:53:52" hostname="Adrians-MacBook-Air.local" time="0.041">
  <properties/>
  <testcase name="runAnimalTest()" classname="agh.ics.oop.SimulationEngineTest" time="0.041"/>
  <system-out><![CDATA[ y\x  1 2 3 4
  6: ---------
  5: | | | | |
  4: | | |N| |
  3: | | | | |
  2: | |N| | |
  1: | | | | |
  0: ---------

 y\x  1 2 3 4
  6: ---------
  5: | | | | |
  4: | | |N| |
  3: | |N| | |
  2: | | | | |
  1: ---------

 y\x  1 2 3 4
  5: ---------
  4: | | | | |
  3: | |N|N| |
  2: | | | | |
  1: ---------

 y\x  1 2 3 4
  5: ---------
  4: | | | | |
  3: | |E|N| |
  2: | | | | |
  1: ---------

 y\x  1 2 3 4
  5: ---------
  4: | | | | |
  3: | |E|W| |
  2: | | | | |
  1: ---------

 y\x  1 2 3 4
  5: ---------
  4: | | | | |
  3: | |E|W| |
  2: | | | | |
  1: ---------

 y\x  1 2 3 4
  5: ---------
  4: | | | | |
  3: | |E|W| |
  2: | | | | |
  1: ---------

 y\x  1 2 3 4
  5: ---------
  4: | | | | |
  3: | |S|W| |
  2: | | | | |
  1: ---------

 y\x  1 2 3 4
  5: ---------
  4: | | | | |
  3: | |S|N| |
  2: | | | | |
  1: ---------

 y\x  1 2 3 4
  5: ---------
  4: | | | | |
  3: | | |N| |
  2: | |S| | |
  1: | | | | |
  0: ---------

 y\x  1 2 3 4
  6: ---------
  5: | | | | |
  4: | | |N| |
  3: | | | | |
  2: | |S| | |
  1: | | | | |
  0: ---------

 y\x  1 2 3 4
  6: ---------
  5: | | | | |
  4: | | |N| |
  3: | | | | |
  2: | | | | |
  1: | |S| | |
  0: | | | | |
 -1: ---------

 y\x  1 2 3 4
  7: ---------
  6: | | | | |
  5: | | |N| |
  4: | | | | |
  3: | | | | |
  2: | | | | |
  1: | |S| | |
  0: | | | | |
 -1: ---------

 y\x  1 2 3 4
  7: ---------
  6: | | | | |
  5: | | |N| |
  4: | | | | |
  3: | | | | |
  2: | | | | |
  1: | | | | |
  0: | |S| | |
 -1: | | | | |
 -2: ---------

 y\x  1 2 3 4
  7: ---------
  6: | | | | |
  5: | | |N| |
  4: | | | | |
  3: | | | | |
  2: | | | | |
  1: | | | | |
  0: | |S| | |
 -1: | | | | |
 -2: ---------

 y\x  1 2 3 4
  7: ---------
  6: | | | | |
  5: | | |N| |
  4: | | | | |
  3: | | | | |
  2: | | | | |
  1: | | | | |
  0: | |S| | |
 -1: | | | | |
 -2: ---------

 y\x  1 2 3 4
  7: ---------
  6: | | | | |
  5: | | |N| |
  4: | | | | |
  3: | | | | |
  2: | | | | |
  1: | | | | |
  0: | |S| | |
 -1: | | | | |
 -2: ---------

 y\x -1 0 1 2 3 4
  5: -------------
  4: | | | | | | |
  3: | | | | |N| |
  2: | | | | | | |
  1: | | | | | | |
  0: | |N| | | | |
 -1: | | | | | | |
 -2: -------------

 y\x  1 2 3 4 5 6 7
  6: ---------------
  5: | | | | | | | |
  4: | | | |N| | | |
  3: | |N| | | |N| |
  2: | | | | | | | |
  1: ---------------

 y\x  1 2 3 4 5 6 7
  6: ---------------
  5: | | | | | | | |
  4: | | | |N| |N| |
  3: | |N| | | | | |
  2: | | | | | | | |
  1: ---------------

 y\x  1 2 3 4 5 6 7
  6: ---------------
  5: | | | | | | | |
  4: | | | | | |N| |
  3: | |N| |N| | | |
  2: | | | | | | | |
  1: ---------------

 y\x  1 2 3 4 5 6 7
  6: ---------------
  5: | | | | | | | |
  4: | | | | | |N| |
  3: | |W| |N| | | |
  2: | | | | | | | |
  1: ---------------

 y\x  1 2 3 4 5 6 7
  6: ---------------
  5: | | | | | | | |
  4: | | | | | |W| |
  3: | |W| |N| | | |
  2: | | | | | | | |
  1: ---------------

 y\x  1 2 3 4 5 6 7
  6: ---------------
  5: | | | | | | | |
  4: | | | | | |W| |
  3: | |W| |W| | | |
  2: | | | | | | | |
  1: ---------------

 y\x  1 2 3 4 5 6 7
  6: ---------------
  5: | | | | | | | |
  4: | | | | | |W| |
  3: | |S| |W| | | |
  2: | | | | | | | |
  1: ---------------

 y\x  1 2 3 4 5 6
  6: -------------
  5: | | | | | | |
  4: | | | | |W| |
  3: | |S| |W| | |
  2: | | | | | | |
  1: -------------

]]></system-out>
  <system-err><![CDATA[]]></system-err>
</testsuite>
